{"C:\\Users\\pjha4\\OneDrive\\Desktop\\humbi_analytics\\src\\app\\store.ts": {"path":"C:\\Users\\pjha4\\OneDrive\\Desktop\\humbi_analytics\\src\\app\\store.ts","statementMap":{"0":{"start":{"line":1,"column":0},"end":{"line":1,"column":52}},"1":{"start":{"line":2,"column":0},"end":{"line":2,"column":50}},"2":{"start":{"line":3,"column":0},"end":{"line":3,"column":41}},"3":{"start":{"line":4,"column":0},"end":{"line":4,"column":50}},"4":{"start":{"line":5,"column":0},"end":{"line":5,"column":55}},"5":{"start":{"line":9,"column":4},"end":{"line":9,"column":33}},"6":{"start":{"line":13,"column":23},"end":{"line":13,"column":45}},"7":{"start":{"line":15,"column":14},"end":{"line":21,"column":2}},"8":{"start":{"line":20,"column":8},"end":{"line":20,"column":55}},"9":{"start":{"line":24,"column":0},"end":{"line":24,"column":29}},"10":{"start":{"line":27,"column":0},"end":{"line":27,"column":21}}},"fnMap":{"0":{"name":"rootSaga","decl":{"start":{"line":8,"column":10},"end":{"line":8,"column":18}},"loc":{"start":{"line":8,"column":18},"end":{"line":10,"column":null}}},"1":{"name":"(anonymous_9)","decl":{"start":{"line":19,"column":16},"end":{"line":19,"column":17}},"loc":{"start":{"line":19,"column":37},"end":{"line":20,"column":28}}}},"branchMap":{"0":{"loc":{"start":{"line":9,"column":4},"end":{"line":9,"column":33}},"type":"switch","locations":[{"start":{"line":9,"column":4},"end":{"line":9,"column":33}}]}},"s":{"0":0,"1":0,"2":0,"3":0,"4":0,"5":0,"6":0,"7":0,"8":0,"9":0,"10":0},"f":{"0":0,"1":0},"b":{"0":[0]}}
,"C:\\Users\\pjha4\\OneDrive\\Desktop\\humbi_analytics\\src\\features\\user\\User.tsx": {"path":"C:\\Users\\pjha4\\OneDrive\\Desktop\\humbi_analytics\\src\\features\\user\\User.tsx","statementMap":{"0":{"start":{"line":1,"column":0},"end":{"line":1,"column":54}},"1":{"start":{"line":2,"column":0},"end":{"line":2,"column":55}},"2":{"start":{"line":3,"column":0},"end":{"line":3,"column":26}},"3":{"start":{"line":5,"column":13},"end":{"line":25,"column":1}},"4":{"start":{"line":6,"column":19},"end":{"line":6,"column":32}},"5":{"start":{"line":7,"column":19},"end":{"line":9,"column":null}},"6":{"start":{"line":8,"column":3},"end":{"line":8,"column":null}},"7":{"start":{"line":12,"column":18},"end":{"line":17,"column":3}},"8":{"start":{"line":13,"column":4},"end":{"line":16,"column":null}},"9":{"start":{"line":19,"column":2},"end":{"line":24,"column":null}},"10":{"start":{"line":27,"column":0},"end":{"line":27,"column":null}}},"fnMap":{"0":{"name":"(anonymous_1)","decl":{"start":{"line":5,"column":13},"end":{"line":5,"column":null}},"loc":{"start":{"line":5,"column":13},"end":{"line":25,"column":1}}},"1":{"name":"(anonymous_2)","decl":{"start":{"line":7,"column":31},"end":{"line":7,"column":32}},"loc":{"start":{"line":7,"column":73},"end":{"line":9,"column":3}}},"2":{"name":"(anonymous_3)","decl":{"start":{"line":12,"column":18},"end":{"line":12,"column":null}},"loc":{"start":{"line":12,"column":18},"end":{"line":17,"column":3}}}},"branchMap":{"0":{"loc":{"start":{"line":22,"column":5},"end":{"line":22,"column":32}},"type":"binary-expr","locations":[{"start":{"line":22,"column":5},"end":{"line":22,"column":13}},{"start":{"line":22,"column":15},"end":{"line":22,"column":32}}]}},"s":{"0":0,"1":0,"2":0,"3":0,"4":0,"5":0,"6":0,"7":0,"8":0,"9":0,"10":0},"f":{"0":0,"1":0,"2":0},"b":{"0":[0,0]}}
,"C:\\Users\\pjha4\\OneDrive\\Desktop\\humbi_analytics\\src\\redux\\endPoint.ts": {"path":"C:\\Users\\pjha4\\OneDrive\\Desktop\\humbi_analytics\\src\\redux\\endPoint.ts","statementMap":{"0":{"start":{"line":1,"column":13},"end":{"line":1,"column":null}}},"fnMap":{},"branchMap":{},"s":{"0":0},"f":{},"b":{}}
,"C:\\Users\\pjha4\\OneDrive\\Desktop\\humbi_analytics\\src\\redux\\user\\userSaga.ts": {"path":"C:\\Users\\pjha4\\OneDrive\\Desktop\\humbi_analytics\\src\\redux\\user\\userSaga.ts","statementMap":{"0":{"start":{"line":17,"column":0},"end":{"line":17,"column":17}},"1":{"start":{"line":2,"column":0},"end":{"line":2,"column":59}},"2":{"start":{"line":3,"column":0},"end":{"line":3,"column":58}},"3":{"start":{"line":4,"column":0},"end":{"line":4,"column":47}},"4":{"start":{"line":8,"column":14},"end":{"line":8,"column":21}},"5":{"start":{"line":9,"column":25},"end":{"line":9,"column":null}},"6":{"start":{"line":9,"column":14},"end":{"line":9,"column":null}},"7":{"start":{"line":10,"column":21},"end":{"line":10,"column":null}},"8":{"start":{"line":10,"column":14},"end":{"line":10,"column":null}},"9":{"start":{"line":11,"column":8},"end":{"line":11,"column":79}},"10":{"start":{"line":13,"column":8},"end":{"line":13,"column":34}},"11":{"start":{"line":18,"column":4},"end":{"line":18,"column":47}}},"fnMap":{"0":{"name":"fetchUserData","decl":{"start":{"line":6,"column":10},"end":{"line":6,"column":23}},"loc":{"start":{"line":6,"column":23},"end":{"line":15,"column":null}}},"1":{"name":"watchUserData","decl":{"start":{"line":17,"column":17},"end":{"line":17,"column":30}},"loc":{"start":{"line":17,"column":30},"end":{"line":19,"column":null}}}},"branchMap":{"0":{"loc":{"start":{"line":18,"column":4},"end":{"line":18,"column":47}},"type":"switch","locations":[{"start":{"line":18,"column":4},"end":{"line":18,"column":47}}]}},"s":{"0":0,"1":0,"2":0,"3":0,"4":0,"5":0,"6":0,"7":0,"8":0,"9":0,"10":0,"11":0},"f":{"0":0,"1":0},"b":{"0":[0]}}
,"C:\\Users\\pjha4\\OneDrive\\Desktop\\humbi_analytics\\src\\redux\\user\\userSlice.ts": {"path":"C:\\Users\\pjha4\\OneDrive\\Desktop\\humbi_analytics\\src\\redux\\user\\userSlice.ts","statementMap":{"0":{"start":{"line":1,"column":0},"end":{"line":1,"column":47}},"1":{"start":{"line":4,"column":21},"end":{"line":9,"column":2}},"2":{"start":{"line":11,"column":13},"end":{"line":19,"column":5}},"3":{"start":{"line":16,"column":8},"end":{"line":16,"column":36}},"4":{"start":{"line":21,"column":15},"end":{"line":21,"column":54}},"5":{"start":{"line":24,"column":0},"end":{"line":24,"column":33}},"6":{"start":{"line":27,"column":13},"end":{"line":27,"column":45}}},"fnMap":{"0":{"name":"(anonymous_0)","decl":{"start":{"line":15,"column":24},"end":{"line":15,"column":25}},"loc":{"start":{"line":15,"column":38},"end":{"line":17,"column":7}}}},"branchMap":{},"s":{"0":0,"1":0,"2":0,"3":0,"4":0,"5":0,"6":0},"f":{"0":0},"b":{}}
}
