TN:
SF:src\app\store.ts
FN:8,rootSaga
FN:19,(anonymous_9)
FNF:2
FNH:0
FNDA:0,rootSaga
FNDA:0,(anonymous_9)
DA:1,0
DA:2,0
DA:3,0
DA:4,0
DA:5,0
DA:9,0
DA:13,0
DA:15,0
DA:20,0
DA:24,0
DA:27,0
LF:11
LH:0
BRDA:9,0,0,0
BRF:1
BRH:0
end_of_record
TN:
SF:src\features\user\User.tsx
FN:5,(anonymous_1)
FN:7,(anonymous_2)
FN:12,(anonymous_3)
FNF:3
FNH:0
FNDA:0,(anonymous_1)
FNDA:0,(anonymous_2)
FNDA:0,(anonymous_3)
DA:1,0
DA:2,0
DA:3,0
DA:5,0
DA:6,0
DA:7,0
DA:8,0
DA:12,0
DA:13,0
DA:19,0
DA:27,0
LF:11
LH:0
BRDA:22,0,0,0
BRDA:22,0,1,0
BRF:2
BRH:0
end_of_record
TN:
SF:src\redux\endPoint.ts
FNF:0
FNH:0
DA:1,0
LF:1
LH:0
BRF:0
BRH:0
end_of_record
TN:
SF:src\redux\user\userSaga.ts
FN:6,fetchUserData
FN:17,watchUserData
FNF:2
FNH:0
FNDA:0,fetchUserData
FNDA:0,watchUserData
DA:2,0
DA:3,0
DA:4,0
DA:8,0
DA:9,0
DA:10,0
DA:11,0
DA:13,0
DA:17,0
DA:18,0
LF:10
LH:0
BRDA:18,0,0,0
BRF:1
BRH:0
end_of_record
TN:
SF:src\redux\user\userSlice.ts
FN:15,(anonymous_0)
FNF:1
FNH:0
FNDA:0,(anonymous_0)
DA:1,0
DA:4,0
DA:11,0
DA:16,0
DA:21,0
DA:24,0
DA:27,0
LF:7
LH:0
BRF:0
BRH:0
end_of_record
